Performing C SOURCE FILE Test CMAKE_HAVE_LIBC_PTHREAD failed with the following output:
Change Dir: /home/zzy/Linux_Server_Example/zzy_WebServer/source_code/cmake-build-debug/CMakeFiles/CMakeTmp

Run Build Command(s):/usr/bin/make cmTC_95171/fast && /usr/bin/make -f CMakeFiles/cmTC_95171.dir/build.make CMakeFiles/cmTC_95171.dir/build
make[1]: 进入目录“/home/zzy/Linux_Server_Example/zzy_WebServer/source_code/cmake-build-debug/CMakeFiles/CMakeTmp”
Building C object CMakeFiles/cmTC_95171.dir/src.c.o
/usr/bin/cc   -DCMAKE_HAVE_LIBC_PTHREAD   -o CMakeFiles/cmTC_95171.dir/src.c.o   -c /home/zzy/Linux_Server_Example/zzy_WebServer/source_code/cmake-build-debug/CMakeFiles/CMakeTmp/src.c
Linking C executable cmTC_95171
/home/zzy/clion-2019.2.2/bin/cmake/linux/bin/cmake -E cmake_link_script CMakeFiles/cmTC_95171.dir/link.txt --verbose=1
/usr/bin/cc  -DCMAKE_HAVE_LIBC_PTHREAD    CMakeFiles/cmTC_95171.dir/src.c.o  -o cmTC_95171 
CMakeFiles/cmTC_95171.dir/src.c.o：在函数‘main’中：
src.c:(.text+0x3e)：对‘pthread_create’未定义的引用
src.c:(.text+0x4a)：对‘pthread_detach’未定义的引用
src.c:(.text+0x5b)：对‘pthread_join’未定义的引用
src.c:(.text+0x6f)：对‘pthread_atfork’未定义的引用
collect2: error: ld returned 1 exit status
CMakeFiles/cmTC_95171.dir/build.make:86: recipe for target 'cmTC_95171' failed
make[1]: *** [cmTC_95171] Error 1
make[1]: 离开目录“/home/zzy/Linux_Server_Example/zzy_WebServer/source_code/cmake-build-debug/CMakeFiles/CMakeTmp”
Makefile:121: recipe for target 'cmTC_95171/fast' failed
make: *** [cmTC_95171/fast] Error 2


Source file was:
#include <pthread.h>

void* test_func(void* data)
{
  return data;
}

int main(void)
{
  pthread_t thread;
  pthread_create(&thread, NULL, test_func, NULL);
  pthread_detach(thread);
  pthread_join(thread, NULL);
  pthread_atfork(NULL, NULL, NULL);
  pthread_exit(NULL);

  return 0;
}

Determining if the function pthread_create exists in the pthreads failed with the following output:
Change Dir: /home/zzy/Linux_Server_Example/zzy_WebServer/source_code/cmake-build-debug/CMakeFiles/CMakeTmp

Run Build Command(s):/usr/bin/make cmTC_3be99/fast && /usr/bin/make -f CMakeFiles/cmTC_3be99.dir/build.make CMakeFiles/cmTC_3be99.dir/build
make[1]: 进入目录“/home/zzy/Linux_Server_Example/zzy_WebServer/source_code/cmake-build-debug/CMakeFiles/CMakeTmp”
Building C object CMakeFiles/cmTC_3be99.dir/CheckFunctionExists.c.o
/usr/bin/cc   -DCHECK_FUNCTION_EXISTS=pthread_create   -o CMakeFiles/cmTC_3be99.dir/CheckFunctionExists.c.o   -c /home/zzy/clion-2019.2.2/bin/cmake/linux/share/cmake-3.15/Modules/CheckFunctionExists.c
Linking C executable cmTC_3be99
/home/zzy/clion-2019.2.2/bin/cmake/linux/bin/cmake -E cmake_link_script CMakeFiles/cmTC_3be99.dir/link.txt --verbose=1
/usr/bin/cc  -DCHECK_FUNCTION_EXISTS=pthread_create    CMakeFiles/cmTC_3be99.dir/CheckFunctionExists.c.o  -o cmTC_3be99 -lpthreads 
/usr/bin/ld: 找不到 -lpthreads
collect2: error: ld returned 1 exit status
CMakeFiles/cmTC_3be99.dir/build.make:86: recipe for target 'cmTC_3be99' failed
make[1]: *** [cmTC_3be99] Error 1
make[1]: 离开目录“/home/zzy/Linux_Server_Example/zzy_WebServer/source_code/cmake-build-debug/CMakeFiles/CMakeTmp”
Makefile:121: recipe for target 'cmTC_3be99/fast' failed
make: *** [cmTC_3be99/fast] Error 2



